<?xml version="1.0" encoding="UTF-8"?>
<testng-results skipped="0" failed="0" ignored="0" total="1" passed="1">
  <reporter-output>
  </reporter-output>
  <suite name="Default suite" duration-ms="25279" started-at="2018-04-11T12:35:12Z" finished-at="2018-04-11T12:35:37Z">
    <groups>
    </groups>
    <test name="Default test" duration-ms="25279" started-at="2018-04-11T12:35:12Z" finished-at="2018-04-11T12:35:37Z">
      <class name="tests.wp.AddNewPostTest">
        <test-method status="PASS" signature="setup()[pri:0, instance:tests.wp.AddNewPostTest@459e9125]" name="setup" is-config="true" duration-ms="7006" started-at="2018-04-11T12:35:12Z" finished-at="2018-04-11T12:35:19Z">
          <reporter-output>
          </reporter-output>
        </test-method> <!-- setup -->
        <test-method status="PASS" signature="test()[pri:0, instance:tests.wp.AddNewPostTest@459e9125]" name="test" duration-ms="15476" started-at="2018-04-11T12:35:19Z" finished-at="2018-04-11T12:35:34Z">
          <reporter-output>
          </reporter-output>
        </test-method> <!-- test -->
        <test-method status="PASS" signature="close()[pri:0, instance:tests.wp.AddNewPostTest@459e9125]" name="close" is-config="true" duration-ms="2757" started-at="2018-04-11T12:35:34Z" finished-at="2018-04-11T12:35:37Z">
          <reporter-output>
          </reporter-output>
        </test-method> <!-- close -->
      </class> <!-- tests.wp.AddNewPostTest -->
    </test> <!-- Default test -->
  </suite> <!-- Default suite -->
</testng-results>
